<?xml version="1.0" encoding="UTF-8"?>
<testsuite xmlns:xsi="http://www.w3.org/2001/XMLSchema-instance" xsi:noNamespaceSchemaLocation="https://maven.apache.org/surefire/maven-surefire-plugin/xsd/surefire-test-report-3.0.xsd" version="3.0" name="TestSuite" time="9.691" tests="1" errors="0" skipped="0" failures="0">
  <properties>
[...]
</properties>
  <testcase name="firstTest" classname="Test.Test1" time="3.078">
    <system-out><![CDATA[[2024/11/14 21:09:10] downloads page clicked
]]></system-out>
    <system-err><![CDATA[Starting ChromeDriver 130.0.6723.117 (37382504fe66965a688029d08706ddadca7ceb46-refs/branch-heads/6723@{#1765}) on port 44413
Only local connections are allowed.
Please see https://chromedriver.chromium.org/security-considerations for suggestions on keeping ChromeDriver safe.
ChromeDriver was started successfully on port 44413.
Nov 14, 2024 9:09:07 PM org.openqa.selenium.remote.ProtocolHandshake createSession
INFO: Detected dialect: W3C
]]></system-err>
  </testcase>
</testsuite>