<?xml version="1.0" encoding="UTF-8"?>
<testng-results skipped="0" failed="0" total="1" passed="1">
  <reporter-output>
  </reporter-output>
  <suite name="Suite" duration-ms="7906" started-at="2024-11-14T15:39:04Z" finished-at="2024-11-14T15:39:12Z">
    <groups>
    </groups>
    <test name="test" duration-ms="7906" started-at="2024-11-14T15:39:04Z" finished-at="2024-11-14T15:39:12Z">
      <class name="Test.Test1">
        <test-method status="PASS" signature="beforeSuite()[pri:0, instance:Test.Test1@77caeb3e]" name="beforeSuite" is-config="true" duration-ms="25" started-at="2024-11-14T21:09:04Z" finished-at="2024-11-14T21:09:04Z">
          <reporter-output>
          </reporter-output>
        </test-method> <!-- beforeSuite -->
        <test-method status="PASS" signature="generateReport()[pri:0, instance:Test.Test1@77caeb3e]" name="generateReport" is-config="true" duration-ms="244" started-at="2024-11-14T21:09:04Z" depends-on-methods="com.base.Core.beforeSuite" finished-at="2024-11-14T21:09:04Z">
          <reporter-output>
          </reporter-output>
        </test-method> <!-- generateReport -->
        <test-method status="PASS" signature="beforeMethod()[pri:0, instance:Test.Test1@77caeb3e]" name="beforeMethod" is-config="true" duration-ms="3292" started-at="2024-11-14T21:09:04Z" finished-at="2024-11-14T21:09:07Z">
          <reporter-output>
          </reporter-output>
        </test-method> <!-- beforeMethod -->
        <test-method status="PASS" signature="firstTest()[pri:0, instance:Test.Test1@77caeb3e]" name="firstTest" duration-ms="3093" started-at="2024-11-14T21:09:07Z" finished-at="2024-11-14T21:09:10Z">
          <reporter-output>
          </reporter-output>
        </test-method> <!-- firstTest -->
        <test-method status="PASS" signature="closeDriver(org.testng.ITestResult)[pri:0, instance:Test.Test1@77caeb3e]" name="closeDriver" is-config="true" duration-ms="1507" started-at="2024-11-14T21:09:10Z" finished-at="2024-11-14T21:09:12Z">
          <params>
            <param index="0">
              <value>
                <![CDATA[[TestResult name=firstTest status=SUCCESS method=Test1.firstTest()[pri:0, instance:Test.Test1@77caeb3e] output={null}]]]>
              </value>
            </param>
          </params>
          <reporter-output>
          </reporter-output>
        </test-method> <!-- closeDriver -->
        <test-method status="PASS" signature="endDriverProcess()[pri:0, instance:Test.Test1@77caeb3e]" name="endDriverProcess" is-config="true" duration-ms="40" started-at="2024-11-14T21:09:12Z" finished-at="2024-11-14T21:09:12Z">
          <reporter-output>
          </reporter-output>
        </test-method> <!-- endDriverProcess -->
      </class> <!-- Test.Test1 -->
    </test> <!-- test -->
  </suite> <!-- Suite -->
</testng-results>
