<?xml version="1.0" encoding="UTF-8"?>
<!-- Generated by org.testng.reporters.JUnitXMLReporter -->
<testsuite hostname="DESKTOP-9DC45GS" failures="0" tests="1" name="test2" time="5.658" errors="0" timestamp="16 Feb 2025 08:19:39 GMT">
  <testcase classname="Test.Test1" name="@AfterMethod closeDriver" time="0.0">
    <failure type="java.lang.NullPointerException">
      <![CDATA[java.lang.NullPointerException
	at com.base.Utility.endOfTest(Utility.java:262)
	at Test.Test1.closeDriver(Test1.java:29)
	at java.base/java.util.concurrent.FutureTask.run(FutureTask.java:264)
	at java.base/java.util.concurrent.ThreadPoolExecutor.runWorker(ThreadPoolExecutor.java:1128)
	at java.base/java.util.concurrent.ThreadPoolExecutor$Worker.run(ThreadPoolExecutor.java:628)
	at java.base/java.lang.Thread.run(Thread.java:834)
... Removed 18 stack frames]]>
    </failure>
  </testcase> <!-- @AfterMethod closeDriver -->
  <testcase classname="Test.Test1" name="firstTest" time="4.091"/>
</testsuite> <!-- test2 -->
